make all --print-data-base --no-builtin-variables --no-builtin-rules --question
make -C lib MAKEFLAGS="pqrR" all MAKEOVERRIDES=
# make[1]: Entering directory '/home/azure-user/km/lib'
make -C libkontain MAKEFLAGS="pqrR" all MAKEOVERRIDES=
# make[2]: Entering directory '/home/azure-user/km/lib/libkontain'
 
mkdir -p /home/azure-user/km/build/lib/libkontain/
 
MT /home/azure-user/km/build/lib/libkontain/libkontain.o -MT /home/azure-user/km/build/lib/libkontain/libkontain.d -MM -O2   -Wall -ggdb3 -pthread -I /home/azure-user/km/include -ffile-prefix-map=/home/azure-user/km/= /home/azure-user/km/lib/libkontain/libkontain.c -o /home/azure-user/km/build/lib/libkontain/libkontain.d
 
/bin/bash: MT: command not found

make[2]: [/home/azure-user/km/make/actions.mk:151: /home/azure-user/km/build/lib/libkontain/libkontain.d] Error 127 (ignored)

# GNU Make 4.2.1
# Built for x86_64-pc-linux-gnu
# Copyright (C) 1988-2016 Free Software Foundation, Inc.
# License GPLv3+: GNU GPL version 3 or later <http://gnu.org/licenses/gpl.html>
# This is free software: you are free to change and redistribute it.
# There is NO WARRANTY, to the extent permitted by law.

# Make data base, printed on Wed May 11 23:22:11 2022

# Variables

# automatic
<D = $(patsubst %/,%,$(dir $<))
# automatic
?F = $(notdir $?)
# makefile (from '/home/azure-user/km/make/locations.mk', line 129)
DOCKER_BLDTOP := /home/appuser/km/build
# makefile (from '/home/azure-user/km/make/actions.mk', line 196)
_CMD := docker run --sysctl net.ipv4.ip_unprivileged_port_start=1024 --rm -u 1000:1000
# makefile (from '/home/azure-user/km/make/locations.mk', line 106)
DOCKER_RUN_CLEANUP = --rm
# makefile (from '/home/azure-user/km/make/locations.mk', line 165)
RELEASE_TAG = v0.1-test
# default
.SHELLFLAGS := -c
# environment
XDG_SESSION_CLASS = user
# environment
VSCODE_AGENT_FOLDER = /home/azure-user/.vscode-server
# makefile (from '/home/azure-user/km/make/locations.mk', line 137)
KM_OPT_BIN_PATH := /opt/kontain/bin
# environment
XDG_SESSION_TYPE = tty
# environment
VSCODE_LOG_NATIVE = false
# automatic
?D = $(patsubst %/,%,$(dir $?))
# makefile (from '/home/azure-user/km/cloud/azure/cloud_config.mk', line 50)
REGISTRY_SKU = Basic
# makefile (from 'Makefile', line 26)
INCLUDES := /home/azure-user/km/include
# makefile (from '/home/azure-user/km/make/locations.mk', line 66)
KM_OPT_RT := /opt/kontain/runtime
# makefile (from '/home/azure-user/km/make/custom.mk', line 20)
COPTS = -O2 
# automatic
@D = $(patsubst %/,%,$(dir $@))
# makefile (from '/home/azure-user/km/make/locations.mk', line 111)
DOCKER_RUN := docker run --sysctl net.ipv4.ip_unprivileged_port_start=1024 --rm
# automatic
@F = $(notdir $@)
# default
MAKE_VERSION := 4.2.1
# makefile
CURDIR := /home/azure-user/km/lib/libkontain
# makefile (from '/home/azure-user/km/make/locations.mk', line 183)
SHELL = /bin/bash
# makefile (from '/home/azure-user/km/make/locations.mk', line 47)
SRC_VERSION := 078962128973812cfaae61c08441a21ecac40167
# environment
VSCODE_NLS_CONFIG = {"locale":"en","availableLanguages":{}}
# environment
_ = /usr/bin/make
# makefile (from '/home/azure-user/km/make/actions.mk', line 38)
CFLAGS = ${COPTS} ${LOCAL_COPTS} -Wall -ggdb3 -pthread $(addprefix -I , ${INCLUDES}) -ffile-prefix-map=${TOP}/=
# makefile (from '/home/azure-user/km/make/locations.mk', line 101)
CURRENT_GID := 1000
# makefile (from '/home/azure-user/km/make/locations.mk', line 142)
KM_OPT_VOLUME := -v /opt/kontain/bin:/opt/kontain/bin:z -v /opt/kontain/runtime:/opt/kontain/runtime:z -v /opt/kontain/lib:/opt/kontain/lib:z
# makefile (from '/home/azure-user/km/make/custom.mk', line 1)
MAKEFILE_LIST :=  Makefile /home/azure-user/km/make/actions.mk /home/azure-user/km/make/locations.mk /home/azure-user/km/cloud/azure/cloud_config.mk /home/azure-user/km/make/custom.mk
# 'override' directive
GNUMAKEFLAGS := 
# makefile (from 'Makefile', line 18)
TOP := /home/azure-user/km
# environment
XDG_DATA_DIRS = /usr/local/share:/usr/share:/var/lib/snapd/desktop
# environment
DBUS_SESSION_BUS_ADDRESS = unix:path=/run/user/1000/bus
# environment
VSCODE_VERBOSE_LOGGING = true
# makefile (from '/home/azure-user/km/make/locations.mk', line 36)
SRC_BRANCH = $(shell git rev-parse --abbrev-ref HEAD)
# makefile (from '/home/azure-user/km/cloud/azure/cloud_config.mk', line 22)
AZ_TENANT_ID = bb863950-cdcd-467a-8d4c-97f338d8e279
# makefile (from '/home/azure-user/km/make/locations.mk', line 117)
DOCKER_RUN_TEST := docker run --sysctl net.ipv4.ip_unprivileged_port_start=1024 --rm -it --device=/dev/kvm --init
# makefile (from '/home/azure-user/km/make/actions.mk', line 40)
OBJS = $(sort $(addprefix ${BLDDIR}/, $(addsuffix .o, $(basename ${SOURCES}))))
# makefile (from '/home/azure-user/km/make/locations.mk', line 100)
CURRENT_UID := 1000
# makefile (from '/home/azure-user/km/make/locations.mk', line 73)
COV_BLDTYPE := coverage
# environment
VSCODE_CWD = /home/azure-user
# makefile (from '/home/azure-user/km/make/locations.mk', line 127)
DOCKER_HOME_PATH := /home/appuser
# environment
SSH_CONNECTION = 70.123.45.33 61945 172.17.0.6 22
# makefile (from '/home/azure-user/km/make/locations.mk', line 44)
 
PATH := /home/azure-user/km/tools/bin:/home/azure-user/km/tools/bin:/home/azure-user/km/tools/bin:/home/azure-user/.vscode-server/bin/57fd6d0195bb9b9d1b49f6da5db789060795de47/bin/remote-cli:/usr/local/sbin:/usr/local/bin:/usr/sbin:/usr/bin:/sbin:/bin:/usr/games:/usr/local/games:/snap/bin
# makefile (from '/home/azure-user/km/make/custom.mk', line 21)
LDOPTS = 
# makefile (from '/home/azure-user/km/make/locations.mk', line 217)
VARS_TO_PRINT = DIMG TEST_IMG BUILDENV_PATH TESTENV_PATH BUILDENV_IMG BUILDENV_DOCKERFILE KM_BIN DTYPE TEST_IMG_REG BUILDENV_IMG_REG SRC_BRANCH SRC_SHA TOP FROMTOP BLDTOP BLDDIR SUBDIRS KM_BLDDIR KM_BIN CFLAGS BLDEXEC BLDLIB COPTS USER COVERAGE COVERAGE_REPORT SRC_BRANCH IMAGE_VERSION CLOUD_RESOURCE_GROUP CLOUD_SUBSCRIPTION CLOUD_LOCATION K8_SERVICE_PRINCIPAL REGISTRY_NAME REGISTRY REGISTRY_AUTH_EXAMPLE REGISTRY_SKU
# environment
XDG_RUNTIME_DIR = /run/user/1000
# makefile (from '/home/azure-user/km/cloud/azure/cloud_config.mk', line 29)
CLOUD_SUBSCRIPTION = Kontain-Pay-As-You-Go
# makefile (from '/home/azure-user/km/make/actions.mk', line 129)
OBJDIRS = $(sort $(dir ${OBJS}))
# makefile (from '/home/azure-user/km/cloud/azure/cloud_config.mk', line 47)
REGISTRY_AUTH_EXAMPLE = "az acr login  -n ${REGISTRY_NAME}"
# environment
VSCODE_LOG_STACK = false
# environment
VSCODE_IPC_HOOK_CLI = /run/user/1000/vscode-ipc-09153796-7f01-4c51-a76e-b36a4ca34008.sock
# makefile (from '/home/azure-user/km/make/locations.mk', line 123)
PODMAN_RUN_TEST := podman run --rm -it --init
# makefile (from 'Makefile', line 20)
LIB := kontain
# makefile (from '/home/azure-user/km/make/locations.mk', line 116)
DOCKER_RUN_BUILD := docker run --sysctl net.ipv4.ip_unprivileged_port_start=1024 --rm -u 1000:1000
# default
.FEATURES := target-specific order-only second-expansion else-if shortest-stem undefine oneshell archives jobserver output-sync check-symlink load
# makefile (from '/home/azure-user/km/make/locations.mk', line 130)
DOCKER_COVERAGE_KM_BLDDIR := /home/appuser/km/build/km/coverage
# makefile (from '/home/azure-user/km/make/locations.mk', line 67)
KM_OPT_ALPINELIB := /opt/kontain/alpine-lib
# automatic
%F = $(notdir $%)
# makefile (from '/home/azure-user/km/make/locations.mk', line 74)
COVERAGE_KM_BLDDIR := /home/azure-user/km/build/km/coverage
# makefile (from '/home/azure-user/km/make/locations.mk', line 122)
PODMAN_RUN := podman run --rm
# makefile (from '/home/azure-user/km/make/locations.mk', line 55)
BLDDIR := /home/azure-user/km/build/lib/libkontain
# makefile (from '/home/azure-user/km/make/locations.mk', line 140)
KM_OPT_KM := /opt/kontain/bin/km
# makefile (from '/home/azure-user/km/make/locations.mk', line 51)
BLDTOP := /home/azure-user/km/build
# makefile (from '/home/azure-user/km/make/locations.mk', line 62)
KM_OPT := /opt/kontain
# environment
VSCODE_PIPE_LOGGING = true
# makefile (from '/home/azure-user/km/make/locations.mk', line 98)
DOCKER_BUILD := docker build --label "Vendor=Kontain.app" --label "Version=0.8" --label "Description= in Kontain" --label "KONTAIN:BRANCH=sm/vk8sartifactupdate" --label "KONTAIN:SHA=078962128973812cfaae61c08441a21ecac40167"
# environment
PWD = /home/azure-user/km/lib
# default
.LOADED := 
# automatic
*D = $(patsubst %/,%,$(dir $*))
# makefile (from '/home/azure-user/km/make/locations.mk', line 60)
KM_BIN := /home/azure-user/km/build/km/km
# makefile (from 'Makefile', line 22)
SOLIB := kontain
# environment
VSCODE_AMD_ENTRYPOINT = vs/workbench/api/node/extensionHostProcess
# environment
HOME = /home/azure-user
# makefile (from '/home/azure-user/km/make/locations.mk', line 171)
NO_DEPS_TARGETS := (clean|clobber|.*-image|.*-release|\.buildenv-local-.*|buildenv-local-.*|print-.*|debugvars|help|test-.*with.*|upload-coverage|vm-images)( (clean|clobber|.*-image|.*-release|\.buildenv-local-.*|buildenv-local-.*|print-.*|debugvars|help|test-.*with.*|upload-coverage|vm-images))*
# environment
SGX_AESM_ADDR = 1
# automatic
-*-command-variables-*- := MAKEOVERRIDES= MAKEFLAGS=pqrR
# environment
LOGNAME = azure-user
# makefile (from '/home/azure-user/km/make/locations.mk', line 64)
KM_OPT_INC := /opt/kontain/include
# environment
APPLICATION_INSIGHTS_NO_DIAGNOSTIC_CHANNEL = true
# makefile (from '/home/azure-user/km/make/locations.mk', line 156)
CLOUD_SCRIPTS := /home/azure-user/km/cloud/azure
# makefile (from '/home/azure-user/km/cloud/azure/cloud_config.mk', line 38)
REGISTRY_NAME = kontainkubecr
# automatic
+F = $(notdir $+)
# makefile (from '/home/azure-user/km/make/locations.mk', line 104)
HYPERVISOR_DEVICE = /dev/kvm
# environment
VSCODE_HANDLES_UNCAUGHT_ERRORS = true
# automatic
^D = $(patsubst %/,%,$(dir $^))
# makefile (from '/home/azure-user/km/make/actions.mk', line 42)
BLDLIB = $(addprefix ${BLDDIR}/lib,$(addsuffix .a,${LIB}))
# environment
MAKELEVEL := 2
# default
MAKE = $(MAKE_COMMAND)
# default
MAKECMDGOALS := all
# environment
SHLVL = 1
# makefile (from '/home/azure-user/km/cloud/azure/cloud_config.mk', line 25)
CLOUD_RESOURCE_GROUP = kontainKubeRG
# command line
MAKEOVERRIDES = 
# environment
XDG_SESSION_ID = 626
# environment
USER = azure-user
# makefile
.DEFAULT_GOAL := default
# makefile (from '/home/azure-user/km/make/locations.mk', line 27)
FROMTOP := lib/libkontain/
# makefile (from '/home/azure-user/km/cloud/azure/cloud_config.mk', line 32)
CLOUD_LOCATION = westus
# automatic
%D = $(patsubst %/,%,$(dir $%))
# makefile (from '/home/azure-user/km/make/locations.mk', line 42)
SRC_SHA = $(shell git rev-parse HEAD)
# default
MAKE_COMMAND := make
# makefile (from '/home/azure-user/km/make/locations.mk', line 65)
KM_OPT_LIB := /opt/kontain/lib
# makefile (from 'Makefile', line 24)
SOURCES := libkontain.c
# default
.VARIABLES := 
# automatic
*F = $(notdir $*)
# makefile (from '/home/azure-user/km/make/actions.mk', line 163)
no_deps := 
# makefile (from '/home/azure-user/km/make/locations.mk', line 145)
 
clean_container = @-docker rm --force ${1} 2>/dev/null
# makefile (from '/home/azure-user/km/make/locations.mk', line 174)
RED := \033[31m
# makefile (from '/home/azure-user/km/make/locations.mk', line 48)
BUILD_TIME := 2022-05-11T23:22+00:00
# makefile (from '/home/azure-user/km/make/locations.mk', line 110)
DOCKER_KRUN_RUNTIME = --runtime krun
# command line
MAKEFLAGS = pqrR
# makefile (from '/home/azure-user/km/make/locations.mk', line 85)
DTYPE = fedora
# environment
MFLAGS = -pqrRw
# environment
SSH_CLIENT = 70.123.45.33 61945 22
# makefile (from '/home/azure-user/km/make/locations.mk', line 61)
KM_RT := /home/azure-user/km/build/runtime
# automatic
+D = $(patsubst %/,%,$(dir $+))
# makefile (from '/home/azure-user/km/make/locations.mk', line 176)
YELLOW := \033[33m
# makefile (from '/home/azure-user/km/make/locations.mk', line 146)
clean_container_image = @-docker rmi -f ${1} 2>/dev/null
# makefile (from '/home/azure-user/km/make/locations.mk', line 177)
CYAN := \033[36m
# environment
BROWSER = /home/azure-user/.vscode-server/bin/57fd6d0195bb9b9d1b49f6da5db789060795de47/bin/helpers/browser.sh
# makefile (from '/home/azure-user/km/make/locations.mk', line 63)
KM_OPT_BIN := /opt/kontain/bin
# environment
VSCODE_HANDLES_SIGPIPE = true
# makefile (from '/home/azure-user/km/make/locations.mk', line 141)
KM_KM_VOLUME := -v /opt/kontain/bin/km:/opt/kontain/bin/km:z
# makefile (from '/home/azure-user/km/make/locations.mk', line 76)
KM_OPT_COVERAGE := /opt/kontain/coverage
# makefile (from '/home/azure-user/km/make/locations.mk', line 68)
KM_LDSO := /home/azure-user/km/build/runtime/libc.so
# 'override' directive
.SHELLSTATUS := 1
# default
MAKEFILES := 
# makefile (from '/home/azure-user/km/make/actions.mk', line 177)
COMPONENT := km
# automatic
<F = $(notdir $<)
# makefile (from '/home/azure-user/km/make/locations.mk', line 161)
IMAGE_VERSION = latest
# makefile (from '/home/azure-user/km/make/locations.mk', line 175)
GREEN := \033[32m
# makefile (from '/home/azure-user/km/make/locations.mk', line 75)
COVERAGE_KM_BIN := /home/azure-user/km/build/km/coverage/km
# environment
LC_ALL = C
# makefile (from '/home/azure-user/km/make/locations.mk', line 162)
BUILDENV_IMAGE_VERSION = latest
# makefile (from '/home/azure-user/km/make/locations.mk', line 152)
CLOUD = azure
# makefile (from '/home/azure-user/km/make/locations.mk', line 121)
PODMAN_KRUN_RUNTIME = --runtime krun
# makefile (from '/home/azure-user/km/make/locations.mk', line 128)
DOCKER_KM_TOP := /home/appuser/km
# makefile (from '/home/azure-user/km/make/locations.mk', line 178)
NOCOLOR := \033[0m
# makefile (from '/home/azure-user/km/make/locations.mk', line 108)
DOCKER_INTERACTIVE = -it
# automatic
^F = $(notdir $^)
# makefile (from '/home/azure-user/km/make/locations.mk', line 91)
DOCKER_BUILD_LABEL := --label "Vendor=Kontain.app" --label "Version=0.8" --label "Description= in Kontain" --label "KONTAIN:BRANCH=sm/vk8sartifactupdate" --label "KONTAIN:SHA=078962128973812cfaae61c08441a21ecac40167"
# makefile (from '/home/azure-user/km/make/actions.mk', line 39)
DEPS = $(addprefix ${BLDDIR}/, $(addsuffix .d, $(basename ${SOURCES})))
# default
SUFFIXES := 
# makefile (from '/home/azure-user/km/make/locations.mk', line 70)
GETENFORCE := /usr/sbin/getenforce
# makefile (from '/home/azure-user/km/make/locations.mk', line 78)
KM_OPT_COVERAGE_BIN_KM := /opt/kontain/coverage/bin/km
# makefile (from '/home/azure-user/km/make/locations.mk', line 77)
KM_OPT_COVERAGE_BIN := /opt/kontain/coverage/bin
# makefile (from '/home/azure-user/km/make/actions.mk', line 41)
BLDEXEC = $(addprefix ${BLDDIR}/,${EXEC})
# makefile (from '/home/azure-user/km/make/actions.mk', line 43)
BLDSOLIB = $(addprefix ${BLDDIR}/lib,$(addsuffix .so,${SOLIB}))
# default
.INCLUDE_DIRS = /usr/include /usr/local/include /usr/include
# makefile (from '/home/azure-user/km/cloud/azure/cloud_config.mk', line 53)
OUT_TYPE = table
# default
.RECIPEPREFIX := 
# makefile (from '/home/azure-user/km/make/locations.mk', line 89)
BUILDENV_IMG = kontainapp/buildenv-${COMPONENT}-${DTYPE}
# default
MAKE_HOST := x86_64-pc-linux-gnu
# makefile (from '/home/azure-user/km/cloud/azure/cloud_config.mk', line 35)
K8_SERVICE_PRINCIPAL = http://kontainKubeSP
# environment
LANG = C
# makefile (from '/home/azure-user/km/cloud/azure/cloud_config.mk', line 44)
REGISTRY = ${REGISTRY_NAME}.azurecr.io
# environment
VSCODE_EXTHOST_WILL_SEND_SOCKET = true
# makefile (from '/home/azure-user/km/make/locations.mk', line 59)
KM_BLDDIR := /home/azure-user/km/build/km
# environment
MOTD_SHOWN = pam
# variable set hash-table stats:
# Load=160/1024=16%, Rehash=0, Collisions=63/397=16%

# Pattern-specific Variable Values

 
# No pattern-specific variable values.

# Directories

# . (device 2049, inode 532343): 5 files, no impossibilities.

# 5 files, no impossibilities in 1 directories.

# Implicit Rules

print-%:
#  recipe to execute (from '/home/azure-user/km/make/locations.mk', line 233):
	 @echo $*='$($*)'

/home/azure-user/km/build/lib/libkontain/%.o: %.c
#  recipe to execute (from '/home/azure-user/km/make/actions.mk', line 140):
	$(CC) -c ${CFLAGS} $(abspath $<) -o $@

/home/azure-user/km/build/lib/libkontain/%.o: %.s
#  recipe to execute (from '/home/azure-user/km/make/actions.mk', line 143):
	$(CC) -c ${CFLAGS} $(abspath $<) -o $@

/home/azure-user/km/build/lib/libkontain/%.o: %.S
#  recipe to execute (from '/home/azure-user/km/make/actions.mk', line 146):
	$(CC) -c ${CFLAGS} $(abspath $<) -o $@

/home/azure-user/km/build/lib/libkontain/%.d: %.c
#  recipe to execute (from '/home/azure-user/km/make/actions.mk', line 151):
	$(CC) -MT ${BLDDIR}/$*.o -MT $@ -MM ${CFLAGS} $(abspath $<) -o $@

# 5 implicit rules, 0 (0.0%) terminal.

# Files

/home/azure-user/km/build/lib/libkontain/libkontain.o: libkontain.c | /home/azure-user/km/build/lib/libkontain/
#  Implicit rule search has been done.
#  Implicit/static pattern stem: 'libkontain'
#  File does not exist.
#  File has been updated.
#  Needs to be updated (-q is set).
# automatic
# @ := /home/azure-user/km/build/lib/libkontain/libkontain.o
# automatic
# % := 
# automatic
# * := libkontain
# automatic
# + := libkontain.c
# automatic
# | := /home/azure-user/km/build/lib/libkontain/
# automatic
# < := libkontain.c
# automatic
# ^ := libkontain.c
# automatic
# ? := libkontain.c
# variable set hash-table stats:
# Load=8/32=25%, Rehash=0, Collisions=3/19=16%
#  recipe to execute (from '/home/azure-user/km/make/actions.mk', line 140):
	$(CC) -c ${CFLAGS} $(abspath $<) -o $@

.check_packer:
#  Implicit rule search has not been done.
#  Modification time never checked.
#  File has not been updated.
#  recipe to execute (from '/home/azure-user/km/make/locations.mk', line 193):
	@if ! command -v packer; then \
		echo -e "${RED}Packer (https://www.packer.io/) is not found. Please install it first${NOCOLOR}" ; \
		false; \
	fi
	@if [ "$$(basename $$(realpath $$(which packer)))" != "packer" ] ; then \
		echo -e "${RED}Packer is found as '$$(which packer)', but seems to be fake. Please check https://www.packer.io/ is installed and is in the PATH${NOCOLOR}" ; echo \
		false; \
	fi

all: libkontain.h /home/azure-user/km/build/lib/libkontain/libkontain.a /home/azure-user/km/build/lib/libkontain/libkontain.so
#  Phony target (prerequisite of .PHONY).
#  Command line target.
#  Implicit rule search has not been done.
#  File does not exist.
#  File has been updated.
#  Needs to be updated (-q is set).
# variable set hash-table stats:
# Load=0/32=0%, Rehash=0, Collisions=0/9=0%
#  recipe to execute (from 'Makefile', line 31):
	mkdir -p ${KM_OPT_INC}
	cp libkontain.h ${KM_OPT_INC}
	mkdir -p ${KM_OPT_LIB}
	cp ${BLDTOP}/lib/libkontain/libkontain.a ${KM_OPT_LIB}
	cp ${BLDTOP}/lib/libkontain/libkontain.so ${KM_OPT_LIB}

/home/azure-user/km/build/lib/libkontain/libkontain.a: /home/azure-user/km/build/lib/libkontain/libkontain.o
#  Implicit rule search has not been done.
#  File does not exist.
#  File has been updated.
#  Needs to be updated (-q is set).
# variable set hash-table stats:
# Load=0/32=0%, Rehash=0, Collisions=0/9=0%
#  recipe to execute (from '/home/azure-user/km/make/actions.mk', line 107):
	@echo "Making " $@; rm -f $@; ${AR} crs $@ $(OBJS)
 

.PHONY: debugvars coverage all clean test help withdocker
#  Implicit rule search has not been done.
#  Modification time never checked.
#  File has not been updated.

/home/azure-user/km/build/lib/libkontain/:
#  Implicit rule search has not been done.
#  Implicit/static pattern stem: ''
#  Last modified 2022-05-11 23:22:11.712034814
#  File has been updated.
#  Successfully updated.
# automatic
# @ := /home/azure-user/km/build/lib/libkontain/
# automatic
# % := 
# automatic
# * := 
# automatic
# + := 
# automatic
# | := 
# automatic
# < := 
# automatic
# ^ := 
# automatic
# ? := 
# variable set hash-table stats:
# Load=8/32=25%, Rehash=0, Collisions=1/12=8%
#  recipe to execute (from '/home/azure-user/km/make/actions.mk', line 133):
	mkdir -p $@

/home/azure-user/km/build/lib/libkontain:
#  Implicit rule search has not been done.
#  Modification time never checked.
#  File has not been updated.
#  recipe to execute (from '/home/azure-user/km/make/actions.mk', line 174):
	mkdir -p $@

# Not a target:
/home/azure-user/km/make/custom.mk:
#  Implicit rule search has been done.
#  Last modified 2022-05-09 19:41:20.742101903
#  File has been updated.
#  Successfully updated.
#  recipe to execute (from '/home/azure-user/km/make/actions.mk', line 169):
	@echo $(notdir $(CURDIR)): ignoring target '$@'

debugvars:
#  Phony target (prerequisite of .PHONY).
#  Implicit rule search has not been done.
#  File does not exist.
#  File has not been updated.
#  recipe to execute (from '/home/azure-user/km/make/locations.mk', line 229):
	@echo To change the list of printed vars, use 'VARS_TO_PRINT="..." make debugvars'
	@echo $(foreach v, ${VARS_TO_PRINT}, $(info $(v) = $($(v))))

# Not a target:
.SUFFIXES:
#  Implicit rule search has not been done.
#  Modification time never checked.
#  File has not been updated.

# Not a target:
Makefile:
#  Implicit rule search has been done.
#  Last modified 2022-05-09 19:41:20.742101903
#  File has been updated.
#  Successfully updated.
#  recipe to execute (from '/home/azure-user/km/make/actions.mk', line 169):
	@echo $(notdir $(CURDIR)): ignoring target '$@'

# Not a target:
/home/azure-user/km/make/actions.mk:
#  Implicit rule search has been done.
#  Last modified 2022-05-09 19:41:20.742101903
#  File has been updated.
#  Successfully updated.
#  recipe to execute (from '/home/azure-user/km/make/actions.mk', line 169):
	@echo $(notdir $(CURDIR)): ignoring target '$@'

# Not a target:
libkontain.c:
#  Implicit rule search has been done.
 
#  Last modified 2022-05-09 18:53:49.677770476
#  File has been updated.
#  Successfully updated.
#  recipe to execute (from '/home/azure-user/km/make/actions.mk', line 169):
	@echo $(notdir $(CURDIR)): ignoring target '$@'

test: all
#  Phony target (prerequisite of .PHONY).
#  Implicit rule search has not been done.
#  File does not exist.
#  File has not been updated.

test-all: all
#  Implicit rule search has not been done.
#  Modification time never checked.
#  File has not been updated.

/home/azure-user/km/build/lib/libkontain/libkontain.so: /home/azure-user/km/build/lib/libkontain/libkontain.o
#  Implicit rule search has not been done.
#  Modification time never checked.
#  File has not been updated.
#  recipe to execute (from '/home/azure-user/km/make/actions.mk', line 110):
	@echo "Making " $@; rm -f $@; ${CC} -shared -o $@ $(OBJS)

# Not a target:
libkontain.h:
#  Implicit rule search has been done.
#  Last modified 2022-05-09 18:53:49.677770476
#  File has been updated.
#  Successfully updated.
#  recipe to execute (from '/home/azure-user/km/make/actions.mk', line 169):
	@echo $(notdir $(CURDIR)): ignoring target '$@'

help:
#  Phony target (prerequisite of .PHONY).
#  Implicit rule search has not been done.
#  File does not exist.
#  File has not been updated.
#  recipe to execute (from '/home/azure-user/km/make/locations.mk', line 209):
	@awk 'BEGIN {FS = ":.*##"; printf "\nUsage:\n make $(CYAN)<target>$(NOCOLOR)\n" } \
	/^[.a-zA-Z0-9_ -]+[ \t]*:.*?##/ { printf " $(CYAN)%-15s$(NOCOLOR) %s\n", $$1, $$2 } \
	/^##@/ { printf "\n\033[1m%s$(NOCOLOR)\n", substr($$0, 5) } ' \
	$(MAKEFILE_LIST)
	@echo 'For specific help in folders, try "(cd <dir>; make help)"'
	@echo ""

default: all
#  Implicit rule search has not been done.
#  Modification time never checked.
#  File has not been updated.

withdocker:
#  Phony target (prerequisite of .PHONY).
#  Implicit rule search has not been done.
#  File does not exist.
#  File has not been updated.
#  recipe to execute (from '/home/azure-user/km/make/actions.mk', line 200):
	@if ! docker image ls --format "{{.Repository}}:{{.Tag}}" | grep -q ${BUILDENV_IMG} ; then \
		echo -e "$(CYAN)${BUILDENV_IMG} is missing locally, will try to pull from registry. \
		Use 'make buildenv-image' to build$(NOCOLOR)" ; fi
	${_CMD} \
		-v ${TOP}:${DOCKER_KM_TOP}:z \
		-v ${KM_OPT}:${KM_OPT}:z \
		-w ${DOCKER_KM_TOP}/${FROMTOP} \
		$(BUILDENV_IMG):$(BUILDENV_IMAGE_VERSION) \
		$(MAKE) MAKEFLAGS="$(MAKEFLAGS)" $(TARGET)

# Not a target:
/home/azure-user/km/make/locations.mk:
#  Implicit rule search has been done.
#  Last modified 2022-05-09 19:41:20.742101903
#  File has been updated.
#  Successfully updated.
#  recipe to execute (from '/home/azure-user/km/make/actions.mk', line 169):
	@echo $(notdir $(CURDIR)): ignoring target '$@'

# Not a target:
/home/azure-user/km/cloud/azure/cloud_config.mk:
#  Implicit rule search has been done.
#  Last modified 2022-05-09 19:41:20.730101893
#  File has been updated.
#  Successfully updated.
#  recipe to execute (from '/home/azure-user/km/make/actions.mk', line 169):
	@echo $(notdir $(CURDIR)): ignoring target '$@'

covclean:
#  Implicit rule search has not been done.
#  Modification time never checked.
#  File has not been updated.
#  recipe to execute (from '/home/azure-user/km/make/actions.mk', line 126):
	@echo `pwd`: Nothing to do for '$@'.

.DEFAULT:
#  Implicit rule search has not been done.
#  Modification time never checked.
#  File has not been updated.
#  recipe to execute (from '/home/azure-user/km/make/actions.mk', line 169):
	@echo $(notdir $(CURDIR)): ignoring target '$@'

clean::
#  Phony target (prerequisite of .PHONY).
#  Implicit rule search has not been done.
#  File does not exist.
#  File has not been updated.
#  recipe to execute (from '/home/azure-user/km/make/actions.mk', line 157):
	rm -rf ${BLDDIR}
	rm -rf ${KM_OPT_BIN_PATH}/*

coverage: all
#  Phony target (prerequisite of .PHONY).
#  Implicit rule search has not been done.
#  File does not exist.
#  File has not been updated.

.check_image_version:
#  Implicit rule search has not been done.
#  Modification time never checked.
#  File has not been updated.
#  recipe to execute (from '/home/azure-user/km/make/locations.mk', line 187):
	@if [[ -z "${IMAGE_VERSION}" || "${IMAGE_VERSION}" == "latest" ]] ; then \
		echo -e "${RED}IMAGE_VERSION should be set to a unique value. e.g. ci-695.${NOCOLOR}" ; \
		false; \
	fi

 
/home/azure-user/km/build/lib/libkontain/libkontain.d: libkontain.c | /home/azure-user/km/build/lib/libkontain/
#  Implicit rule search has been done.
#  Implicit/static pattern stem: 'libkontain'
#  File does not exist.
#  File has been updated.
#  Successfully updated.
# automatic
# @ := /home/azure-user/km/build/lib/libkontain/libkontain.d
# automatic
# % := 
# automatic
# * := libkontain
# automatic
# + := libkontain.c
# automatic
# | := /home/azure-user/km/build/lib/libkontain/
# automatic
# < := libkontain.c
# automatic
# ^ := libkontain.c
# automatic
# ? := libkontain.c
# variable set hash-table stats:
# Load=8/32=25%, Rehash=0, Collisions=3/25=12%
#  recipe to execute (from '/home/azure-user/km/make/actions.mk', line 151):
	$(CC) -MT ${BLDDIR}/$*.o -MT $@ -MM ${CFLAGS} $(abspath $<) -o $@

# files hash-table stats:
# Load=28/1024=3%, Rehash=0, Collisions=0/78=0%
# VPATH Search Paths

# No 'vpath' search paths.

# No general ('VPATH' variable) search path.

# strcache buffers: 1 (0) / strings = 39 / storage = 787 B / avg = 20 B
# current buf: size = 8162 B / used = 787 B / count = 39 / avg = 20 B

# strcache performance: lookups = 103 / hit rate = 62%
# hash-table stats:
# Load=39/8192=0%, Rehash=0, Collisions=1/103=1%
# Finished Make data base on Wed May 11 23:22:11 2022

# make[2]: Leaving directory '/home/azure-user/km/lib/libkontain'
 
# GNU Make 4.2.1
# Built for x86_64-pc-linux-gnu
# Copyright (C) 1988-2016 Free Software Foundation, Inc.
# License GPLv3+: GNU GPL version 3 or later <http://gnu.org/licenses/gpl.html>
# This is free software: you are free to change and redistribute it.
# There is NO WARRANTY, to the extent permitted by law.

 
# Make data base, printed on Wed May 11 23:22:11 2022

# Variables

# automatic
<D = $(patsubst %/,%,$(dir $<))
# automatic
?F = $(notdir $?)
# makefile (from '/home/azure-user/km/make/locations.mk', line 129)
DOCKER_BLDTOP := /home/appuser/km/build
# makefile (from '/home/azure-user/km/make/actions.mk', line 196)
_CMD := docker run --sysctl net.ipv4.ip_unprivileged_port_start=1024 --rm -u 1000:1000
# makefile (from '/home/azure-user/km/make/locations.mk', line 106)
DOCKER_RUN_CLEANUP = --rm
# makefile (from '/home/azure-user/km/make/locations.mk', line 165)
RELEASE_TAG = v0.1-test
# default
.SHELLFLAGS := -c
# environment
XDG_SESSION_CLASS = user
# environment
VSCODE_AGENT_FOLDER = /home/azure-user/.vscode-server
# makefile (from '/home/azure-user/km/make/locations.mk', line 137)
KM_OPT_BIN_PATH := /opt/kontain/bin
# environment
XDG_SESSION_TYPE = tty
# environment
VSCODE_LOG_NATIVE = false
# automatic
?D = $(patsubst %/,%,$(dir $?))
# makefile (from '/home/azure-user/km/cloud/azure/cloud_config.mk', line 50)
REGISTRY_SKU = Basic
# makefile (from '/home/azure-user/km/make/locations.mk', line 66)
KM_OPT_RT := /opt/kontain/runtime
# makefile (from '/home/azure-user/km/make/custom.mk', line 20)
COPTS = -O2 
# automatic
@D = $(patsubst %/,%,$(dir $@))
# makefile (from '/home/azure-user/km/make/locations.mk', line 111)
DOCKER_RUN := docker run --sysctl net.ipv4.ip_unprivileged_port_start=1024 --rm
# automatic
@F = $(notdir $@)
# default
MAKE_VERSION := 4.2.1
# makefile
CURDIR := /home/azure-user/km/lib
# makefile (from '/home/azure-user/km/make/locations.mk', line 183)
SHELL = /bin/bash
# makefile (from '/home/azure-user/km/make/locations.mk', line 47)
SRC_VERSION := 078962128973812cfaae61c08441a21ecac40167
# environment
VSCODE_NLS_CONFIG = {"locale":"en","availableLanguages":{}}
# environment
_ = /usr/bin/make
# makefile (from '/home/azure-user/km/make/actions.mk', line 38)
CFLAGS = ${COPTS} ${LOCAL_COPTS} -Wall -ggdb3 -pthread $(addprefix -I , ${INCLUDES}) -ffile-prefix-map=${TOP}/=
# makefile (from '/home/azure-user/km/make/locations.mk', line 101)
CURRENT_GID := 1000
# makefile (from '/home/azure-user/km/make/locations.mk', line 142)
KM_OPT_VOLUME := -v /opt/kontain/bin:/opt/kontain/bin:z -v /opt/kontain/runtime:/opt/kontain/runtime:z -v /opt/kontain/lib:/opt/kontain/lib:z
# makefile (from '/home/azure-user/km/make/custom.mk', line 1)
 
MAKEFILE_LIST :=  Makefile /home/azure-user/km/make/actions.mk /home/azure-user/km/make/locations.mk /home/azure-user/km/cloud/azure/cloud_config.mk /home/azure-user/km/make/custom.mk
# 'override' directive
GNUMAKEFLAGS := 
# makefile (from 'Makefile', line 21)
TOP := /home/azure-user/km
# environment
XDG_DATA_DIRS = /usr/local/share:/usr/share:/var/lib/snapd/desktop
# environment
DBUS_SESSION_BUS_ADDRESS = unix:path=/run/user/1000/bus
# environment
VSCODE_VERBOSE_LOGGING = true
# makefile (from '/home/azure-user/km/make/locations.mk', line 36)
SRC_BRANCH = $(shell git rev-parse --abbrev-ref HEAD)
# makefile (from '/home/azure-user/km/cloud/azure/cloud_config.mk', line 22)
AZ_TENANT_ID = bb863950-cdcd-467a-8d4c-97f338d8e279
# makefile (from '/home/azure-user/km/make/locations.mk', line 117)
DOCKER_RUN_TEST := docker run --sysctl net.ipv4.ip_unprivileged_port_start=1024 --rm -it --device=/dev/kvm --init
# makefile (from '/home/azure-user/km/make/actions.mk', line 40)
OBJS = $(sort $(addprefix ${BLDDIR}/, $(addsuffix .o, $(basename ${SOURCES}))))
# makefile (from '/home/azure-user/km/make/locations.mk', line 100)
CURRENT_UID := 1000
# makefile (from '/home/azure-user/km/make/locations.mk', line 73)
COV_BLDTYPE := coverage
# environment
VSCODE_CWD = /home/azure-user
# makefile (from '/home/azure-user/km/make/locations.mk', line 127)
DOCKER_HOME_PATH := /home/appuser
# environment
SSH_CONNECTION = 70.123.45.33 61945 172.17.0.6 22
# makefile (from '/home/azure-user/km/make/locations.mk', line 44)
PATH := /home/azure-user/km/tools/bin:/home/azure-user/km/tools/bin:/home/azure-user/.vscode-server/bin/57fd6d0195bb9b9d1b49f6da5db789060795de47/bin/remote-cli:/usr/local/sbin:/usr/local/bin:/usr/sbin:/usr/bin:/sbin:/bin:/usr/games:/usr/local/games:/snap/bin
# makefile (from '/home/azure-user/km/make/custom.mk', line 21)
LDOPTS = 
# makefile (from '/home/azure-user/km/make/locations.mk', line 217)
VARS_TO_PRINT = DIMG TEST_IMG BUILDENV_PATH TESTENV_PATH BUILDENV_IMG BUILDENV_DOCKERFILE KM_BIN DTYPE TEST_IMG_REG BUILDENV_IMG_REG SRC_BRANCH SRC_SHA TOP FROMTOP BLDTOP BLDDIR SUBDIRS KM_BLDDIR KM_BIN CFLAGS BLDEXEC BLDLIB COPTS USER COVERAGE COVERAGE_REPORT SRC_BRANCH IMAGE_VERSION CLOUD_RESOURCE_GROUP CLOUD_SUBSCRIPTION CLOUD_LOCATION K8_SERVICE_PRINCIPAL REGISTRY_NAME REGISTRY REGISTRY_AUTH_EXAMPLE REGISTRY_SKU
# environment
XDG_RUNTIME_DIR = /run/user/1000
# makefile (from '/home/azure-user/km/cloud/azure/cloud_config.mk', line 29)
CLOUD_SUBSCRIPTION = Kontain-Pay-As-You-Go
# makefile (from '/home/azure-user/km/cloud/azure/cloud_config.mk', line 47)
REGISTRY_AUTH_EXAMPLE = "az acr login  -n ${REGISTRY_NAME}"
# environment
VSCODE_LOG_STACK = false
# environment
VSCODE_IPC_HOOK_CLI = /run/user/1000/vscode-ipc-09153796-7f01-4c51-a76e-b36a4ca34008.sock
# makefile (from '/home/azure-user/km/make/locations.mk', line 123)
PODMAN_RUN_TEST := podman run --rm -it --init
# makefile (from '/home/azure-user/km/make/locations.mk', line 116)
DOCKER_RUN_BUILD := docker run --sysctl net.ipv4.ip_unprivileged_port_start=1024 --rm -u 1000:1000
# default
.FEATURES := target-specific order-only second-expansion else-if shortest-stem undefine oneshell archives jobserver output-sync check-symlink load
# makefile (from '/home/azure-user/km/make/locations.mk', line 130)
DOCKER_COVERAGE_KM_BLDDIR := /home/appuser/km/build/km/coverage
# makefile (from '/home/azure-user/km/make/locations.mk', line 67)
KM_OPT_ALPINELIB := /opt/kontain/alpine-lib
# automatic
%F = $(notdir $%)
# makefile (from '/home/azure-user/km/make/locations.mk', line 74)
 
COVERAGE_KM_BLDDIR := /home/azure-user/km/build/km/coverage
# makefile (from '/home/azure-user/km/make/locations.mk', line 122)
PODMAN_RUN := podman run --rm
# makefile (from '/home/azure-user/km/make/locations.mk', line 55)
BLDDIR := /home/azure-user/km/build/lib
# makefile (from '/home/azure-user/km/make/locations.mk', line 140)
KM_OPT_KM := /opt/kontain/bin/km
# makefile (from '/home/azure-user/km/make/locations.mk', line 51)
BLDTOP := /home/azure-user/km/build
# makefile (from '/home/azure-user/km/make/locations.mk', line 62)
KM_OPT := /opt/kontain
# environment
VSCODE_PIPE_LOGGING = true
# makefile (from '/home/azure-user/km/make/locations.mk', line 98)
DOCKER_BUILD := docker build --label "Vendor=Kontain.app" --label "Version=0.8" --label "Description= in Kontain" --label "KONTAIN:BRANCH=sm/vk8sartifactupdate" --label "KONTAIN:SHA=078962128973812cfaae61c08441a21ecac40167"
# environment
PWD = /home/azure-user/km
# default
.LOADED := 
# automatic
*D = $(patsubst %/,%,$(dir $*))
# makefile (from '/home/azure-user/km/make/locations.mk', line 60)
KM_BIN := /home/azure-user/km/build/km/km
# makefile (from '/home/azure-user/km/make/locations.mk', line 175)
GREEN := \033[32m
# environment
VSCODE_AMD_ENTRYPOINT = vs/workbench/api/node/extensionHostProcess
# environment
HOME = /home/azure-user
# makefile (from '/home/azure-user/km/make/locations.mk', line 171)
NO_DEPS_TARGETS := (clean|clobber|.*-image|.*-release|\.buildenv-local-.*|buildenv-local-.*|print-.*|debugvars|help|test-.*with.*|upload-coverage|vm-images)( (clean|clobber|.*-image|.*-release|\.buildenv-local-.*|buildenv-local-.*|print-.*|debugvars|help|test-.*with.*|upload-coverage|vm-images))*
# environment
SGX_AESM_ADDR = 1
# automatic
-*-command-variables-*- := MAKEOVERRIDES= MAKEFLAGS=pqrR
# environment
LOGNAME = azure-user
# makefile (from '/home/azure-user/km/make/locations.mk', line 64)
KM_OPT_INC := /opt/kontain/include
# environment
APPLICATION_INSIGHTS_NO_DIAGNOSTIC_CHANNEL = true
# makefile (from '/home/azure-user/km/make/locations.mk', line 156)
CLOUD_SCRIPTS := /home/azure-user/km/cloud/azure
# makefile (from '/home/azure-user/km/cloud/azure/cloud_config.mk', line 38)
REGISTRY_NAME = kontainkubecr
# automatic
+F = $(notdir $+)
# makefile (from '/home/azure-user/km/make/locations.mk', line 104)
HYPERVISOR_DEVICE = /dev/kvm
# environment
VSCODE_HANDLES_UNCAUGHT_ERRORS = true
# automatic
^D = $(patsubst %/,%,$(dir $^))
# makefile (from '/home/azure-user/km/make/actions.mk', line 42)
BLDLIB = $(addprefix ${BLDDIR}/lib,$(addsuffix .a,${LIB}))
# environment
MAKELEVEL := 1
# default
MAKE = $(MAKE_COMMAND)
# default
MAKECMDGOALS := all
# environment
SHLVL = 1
# makefile (from '/home/azure-user/km/cloud/azure/cloud_config.mk', line 25)
CLOUD_RESOURCE_GROUP = kontainKubeRG
# command line
MAKEOVERRIDES = 
# environment
XDG_SESSION_ID = 626
# environment
USER = azure-user
# makefile
.DEFAULT_GOAL := default
# makefile (from '/home/azure-user/km/make/locations.mk', line 27)
FROMTOP := lib/
# makefile (from '/home/azure-user/km/cloud/azure/cloud_config.mk', line 32)
CLOUD_LOCATION = westus
# automatic
%D = $(patsubst %/,%,$(dir $%))
# makefile (from '/home/azure-user/km/make/locations.mk', line 42)
SRC_SHA = $(shell git rev-parse HEAD)
# default
MAKE_COMMAND := make
# makefile (from '/home/azure-user/km/make/locations.mk', line 65)
KM_OPT_LIB := /opt/kontain/lib
# default
.VARIABLES := 
# automatic
*F = $(notdir $*)
# makefile (from '/home/azure-user/km/make/locations.mk', line 145)
clean_container = @-docker rm --force ${1} 2>/dev/null
# makefile (from '/home/azure-user/km/make/locations.mk', line 174)
RED := \033[31m
# makefile (from '/home/azure-user/km/make/locations.mk', line 48)
BUILD_TIME := 2022-05-11T23:22+00:00
# makefile (from '/home/azure-user/km/make/locations.mk', line 110)
DOCKER_KRUN_RUNTIME = --runtime krun
# command line
MAKEFLAGS = pqrR
# makefile (from '/home/azure-user/km/make/locations.mk', line 85)
DTYPE = fedora
# environment
MFLAGS = -pqrRw
# environment
SSH_CLIENT = 70.123.45.33 61945 22
# makefile (from '/home/azure-user/km/make/locations.mk', line 61)
 
KM_RT := /home/azure-user/km/build/runtime
# automatic
+D = $(patsubst %/,%,$(dir $+))
# makefile (from '/home/azure-user/km/make/locations.mk', line 176)
YELLOW := \033[33m
# makefile (from '/home/azure-user/km/make/locations.mk', line 146)
clean_container_image = @-docker rmi -f ${1} 2>/dev/null
# makefile (from '/home/azure-user/km/make/locations.mk', line 177)
CYAN := \033[36m
# environment
BROWSER = /home/azure-user/.vscode-server/bin/57fd6d0195bb9b9d1b49f6da5db789060795de47/bin/helpers/browser.sh
# makefile (from '/home/azure-user/km/make/locations.mk', line 63)
KM_OPT_BIN := /opt/kontain/bin
# environment
VSCODE_HANDLES_SIGPIPE = true
# makefile (from '/home/azure-user/km/make/locations.mk', line 141)
KM_KM_VOLUME := -v /opt/kontain/bin/km:/opt/kontain/bin/km:z
# makefile (from '/home/azure-user/km/make/locations.mk', line 76)
KM_OPT_COVERAGE := /opt/kontain/coverage
# makefile (from '/home/azure-user/km/make/locations.mk', line 68)
KM_LDSO := /home/azure-user/km/build/runtime/libc.so
# 'override' directive
.SHELLSTATUS := 0
# default
MAKEFILES := 
# makefile (from '/home/azure-user/km/make/actions.mk', line 177)
COMPONENT := km
# automatic
<F = $(notdir $<)
# makefile (from '/home/azure-user/km/make/locations.mk', line 161)
IMAGE_VERSION = latest
# makefile (from '/home/azure-user/km/make/locations.mk', line 75)
COVERAGE_KM_BIN := /home/azure-user/km/build/km/coverage/km
# environment
LC_ALL = C
# makefile (from '/home/azure-user/km/make/locations.mk', line 162)
BUILDENV_IMAGE_VERSION = latest
# makefile (from '/home/azure-user/km/make/locations.mk', line 152)
CLOUD = azure
# makefile (from '/home/azure-user/km/make/locations.mk', line 121)
PODMAN_KRUN_RUNTIME = --runtime krun
# makefile (from '/home/azure-user/km/make/locations.mk', line 128)
DOCKER_KM_TOP := /home/appuser/km
# makefile (from '/home/azure-user/km/make/locations.mk', line 178)
NOCOLOR := \033[0m
# makefile (from '/home/azure-user/km/make/locations.mk', line 108)
DOCKER_INTERACTIVE = -it
# automatic
^F = $(notdir $^)
# makefile (from '/home/azure-user/km/make/locations.mk', line 91)
DOCKER_BUILD_LABEL := --label "Vendor=Kontain.app" --label "Version=0.8" --label "Description= in Kontain" --label "KONTAIN:BRANCH=sm/vk8sartifactupdate" --label "KONTAIN:SHA=078962128973812cfaae61c08441a21ecac40167"
# makefile (from '/home/azure-user/km/make/actions.mk', line 39)
DEPS = $(addprefix ${BLDDIR}/, $(addsuffix .d, $(basename ${SOURCES})))
# default
SUFFIXES := 
# makefile (from '/home/azure-user/km/make/locations.mk', line 70)
GETENFORCE := /usr/sbin/getenforce
# makefile (from '/home/azure-user/km/make/locations.mk', line 78)
KM_OPT_COVERAGE_BIN_KM := /opt/kontain/coverage/bin/km
# makefile (from '/home/azure-user/km/make/locations.mk', line 77)
KM_OPT_COVERAGE_BIN := /opt/kontain/coverage/bin
# makefile (from '/home/azure-user/km/make/actions.mk', line 41)
BLDEXEC = $(addprefix ${BLDDIR}/,${EXEC})
# makefile (from '/home/azure-user/km/make/actions.mk', line 43)
BLDSOLIB = $(addprefix ${BLDDIR}/lib,$(addsuffix .so,${SOLIB}))
# default
.INCLUDE_DIRS = /usr/include /usr/local/include /usr/include
# makefile (from '/home/azure-user/km/cloud/azure/cloud_config.mk', line 53)
OUT_TYPE = table
# default
.RECIPEPREFIX := 
# makefile (from '/home/azure-user/km/make/locations.mk', line 89)
BUILDENV_IMG = kontainapp/buildenv-${COMPONENT}-${DTYPE}
# default
MAKE_HOST := x86_64-pc-linux-gnu
# makefile (from '/home/azure-user/km/cloud/azure/cloud_config.mk', line 35)
K8_SERVICE_PRINCIPAL = http://kontainKubeSP
# makefile (from 'Makefile', line 19)
SUBDIRS := libkontain mimalloc
# environment
LANG = C
# makefile (from '/home/azure-user/km/cloud/azure/cloud_config.mk', line 44)
REGISTRY = ${REGISTRY_NAME}.azurecr.io
# environment
VSCODE_EXTHOST_WILL_SEND_SOCKET = true
# makefile (from '/home/azure-user/km/make/locations.mk', line 59)
KM_BLDDIR := /home/azure-user/km/build/km
# environment
MOTD_SHOWN = pam
# variable set hash-table stats:
# Load=155/1024=15%, Rehash=0, Collisions=25/328=8%

# Pattern-specific Variable Values

# No pattern-specific variable values.

# Directories
 

# . (device 2049, inode 532341): 5 files, no impossibilities.

# 5 files, no impossibilities in 1 directories.

# Implicit Rules

print-%:
#  recipe to execute (from '/home/azure-user/km/make/locations.mk', line 233):
	 @echo $*='$($*)'

# 1 implicit rules, 0 (0.0%) terminal.

# Files

publish-runenv-image: subdirs
#  Implicit rule search has not been done.
#  Modification time never checked.
#  File has not been updated.

runenv-image: subdirs
#  Implicit rule search has not been done.
#  Modification time never checked.
#  File has not been updated.

.check_packer:
#  Implicit rule search has not been done.
#  Modification time never checked.
#  File has not been updated.
#  recipe to execute (from '/home/azure-user/km/make/locations.mk', line 193):
	@if ! command -v packer; then \
		echo -e "${RED}Packer (https://www.packer.io/) is not found. Please install it first${NOCOLOR}" ; \
		false; \
	fi
	@if [ "$$(basename $$(realpath $$(which packer)))" != "packer" ] ; then \
		echo -e "${RED}Packer is found as '$$(which packer)', but seems to be fake. Please check https://www.packer.io/ is installed and is in the PATH${NOCOLOR}" ; echo \
		false; \
	fi

pull-testenv-image: subdirs
#  Implicit rule search has not been done.
#  Modification time never checked.
#  File has not been updated.

pull-buildenv-image: subdirs
#  Implicit rule search has not been done.
#  Modification time never checked.
#  File has not been updated.

all: subdirs
#  Phony target (prerequisite of .PHONY).
#  Command line target.
#  Implicit rule search has not been done.
#  File does not exist.
#  File has not been updated.
# variable set hash-table stats:
# Load=0/32=0%, Rehash=0, Collisions=0/7=0%

publish-buildenv-image: subdirs
#  Implicit rule search has not been done.
#  Modification time never checked.
#  File has not been updated.

.PHONY: debugvars subdirs libkontain mimalloc all clean test help withdocker
#  Implicit rule search has not been done.
#  Modification time never checked.
#  File has not been updated.

push-demo-runenv-image: subdirs
#  Implicit rule search has not been done.
#  Modification time never checked.
#  File has not been updated.

# Not a target:
/home/azure-user/km/make/custom.mk:
#  Implicit rule search has been done.
#  Last modified 2022-05-09 19:41:20.742101903
#  File has been updated.
#  Successfully updated.

test-coverage: subdirs
#  Implicit rule search has not been done.
#  Modification time never checked.
#  File has not been updated.

debugvars:
#  Phony target (prerequisite of .PHONY).
#  Implicit rule search has not been done.
#  File does not exist.
#  File has not been updated.
#  recipe to execute (from '/home/azure-user/km/make/locations.mk', line 229):
	@echo To change the list of printed vars, use 'VARS_TO_PRINT="..." make debugvars'
	@echo $(foreach v, ${VARS_TO_PRINT}, $(info $(v) = $($(v))))

# Not a target:
.SUFFIXES:
#  Implicit rule search has not been done.
#  Modification time never checked.
#  File has not been updated.

# Not a target:
Makefile:
#  Implicit rule search has been done.
#  Last modified 2022-05-09 18:53:49.677770476
#  File has been updated.
 
#  Successfully updated.

publish-release: subdirs
#  Implicit rule search has not been done.
#  Modification time never checked.
#  File has not been updated.

# Not a target:
/home/azure-user/km/make/actions.mk:
#  Implicit rule search has been done.
#  Last modified 2022-05-09 19:41:20.742101903
#  File has been updated.
#  Successfully updated.

test-withdocker: subdirs
#  Implicit rule search has not been done.
#  Modification time never checked.
#  File has not been updated.

test: subdirs
#  Phony target (prerequisite of .PHONY).
#  Implicit rule search has not been done.
#  File does not exist.
#  File has not been updated.

/home/azure-user/km/build/lib:
#  Implicit rule search has not been done.
#  Modification time never checked.
#  File has not been updated.
#  recipe to execute (from '/home/azure-user/km/make/actions.mk', line 174):
	mkdir -p $@

demo-runenv-image: subdirs
#  Implicit rule search has not been done.
#  Modification time never checked.
#  File has not been updated.

push-runenv-image: subdirs
#  Implicit rule search has not been done.
#  Modification time never checked.
#  File has not been updated.

test-all: subdirs
#  Implicit rule search has not been done.
#  Modification time never checked.
#  File has not been updated.

buildenv-image: subdirs
#  Implicit rule search has not been done.
#  Modification time never checked.
#  File has not been updated.

test-all-withdocker: subdirs
#  Implicit rule search has not been done.
#  Modification time never checked.
#  File has not been updated.

validate-runenv-image: subdirs
#  Implicit rule search has not been done.
#  Modification time never checked.
#  File has not been updated.

help:
#  Phony target (prerequisite of .PHONY).
#  Implicit rule search has not been done.
#  File does not exist.
#  File has not been updated.
#  recipe to execute (from '/home/azure-user/km/make/locations.mk', line 209):
	@awk 'BEGIN {FS = ":.*##"; printf "\nUsage:\n make $(CYAN)<target>$(NOCOLOR)\n" } \
	/^[.a-zA-Z0-9_ -]+[ \t]*:.*?##/ { printf " $(CYAN)%-15s$(NOCOLOR) %s\n", $$1, $$2 } \
	/^##@/ { printf "\n\033[1m%s$(NOCOLOR)\n", substr($$0, 5) } ' \
	$(MAKEFILE_LIST)
	@echo 'For specific help in folders, try "(cd <dir>; make help)"'
	@echo ""

default: all
#  Implicit rule search has not been done.
#  Modification time never checked.
#  File has not been updated.

withdocker:
#  Phony target (prerequisite of .PHONY).
#  Implicit rule search has not been done.
#  File does not exist.
#  File has not been updated.
#  recipe to execute (from '/home/azure-user/km/make/actions.mk', line 200):
	@if ! docker image ls --format "{{.Repository}}:{{.Tag}}" | grep -q ${BUILDENV_IMG} ; then \
		echo -e "$(CYAN)${BUILDENV_IMG} is missing locally, will try to pull from registry. \
		Use 'make buildenv-image' to build$(NOCOLOR)" ; fi
	${_CMD} \
		-v ${TOP}:${DOCKER_KM_TOP}:z \
		-v ${KM_OPT}:${KM_OPT}:z \
		-w ${DOCKER_KM_TOP}/${FROMTOP} \
		$(BUILDENV_IMG):$(BUILDENV_IMAGE_VERSION) \
		$(MAKE) MAKEFLAGS="$(MAKEFLAGS)" $(TARGET)

# Not a target:
/home/azure-user/km/make/locations.mk:
#  Implicit rule search has been done.
#  Last modified 2022-05-09 19:41:20.742101903
#  File has been updated.
#  Successfully updated.

# Not a target:
/home/azure-user/km/cloud/azure/cloud_config.mk:
#  Implicit rule search has been done.
#  Last modified 2022-05-09 19:41:20.730101893
#  File has been updated.
#  Successfully updated.

pull-demo-runenv-image: subdirs
#  Implicit rule search has not been done.
#  Modification time never checked.
#  File has not been updated.

covclean: subdirs
#  Implicit rule search has not been done.
#  Modification time never checked.
#  File has not been updated.
 

release: subdirs
#  Implicit rule search has not been done.
#  Modification time never checked.
#  File has not been updated.

# Not a target:
.DEFAULT:
#  Implicit rule search has not been done.
#  Modification time never checked.
#  File has not been updated.

buildenv-local-fedora: subdirs
#  Implicit rule search has not been done.
#  Modification time never checked.
#  File has not been updated.

mimalloc:
#  Phony target (prerequisite of .PHONY).
#  Implicit rule search has not been done.
#  File does not exist.
#  File has not been updated.
#  recipe to execute (from '/home/azure-user/km/make/actions.mk', line 79):
	$(MAKE) -C $@ MAKEFLAGS="$(MAKEFLAGS)" $(MAKECMDGOALS) MAKEOVERRIDES=

clean: subdirs
#  Phony target (prerequisite of .PHONY).
#  Implicit rule search has not been done.
#  File does not exist.
#  File has not been updated.

coverage: subdirs
#  Implicit rule search has not been done.
#  Modification time never checked.
#  File has not been updated.

pull-runenv-image: subdirs
#  Implicit rule search has not been done.
#  Modification time never checked.
#  File has not been updated.

.check_image_version:
#  Implicit rule search has not been done.
#  Modification time never checked.
#  File has not been updated.
#  recipe to execute (from '/home/azure-user/km/make/locations.mk', line 187):
	@if [[ -z "${IMAGE_VERSION}" || "${IMAGE_VERSION}" == "latest" ]] ; then \
		echo -e "${RED}IMAGE_VERSION should be set to a unique value. e.g. ci-695.${NOCOLOR}" ; \
		false; \
	fi

push-testenv-image: subdirs
#  Implicit rule search has not been done.
#  Modification time never checked.
#  File has not been updated.

push-buildenv-image: subdirs
#  Implicit rule search has not been done.
#  Modification time never checked.
#  File has not been updated.

testenv-image: subdirs
#  Implicit rule search has not been done.
#  Modification time never checked.
#  File has not been updated.

libkontain:
#  Phony target (prerequisite of .PHONY).
#  Implicit rule search has not been done.
#  Implicit/static pattern stem: ''
#  File does not exist.
#  File has been updated.
#  Needs to be updated (-q is set).
# automatic
# @ := libkontain
# automatic
# % := 
# automatic
# * := 
# automatic
# + := 
# automatic
# | := 
# automatic
# < := 
# automatic
# ^ := 
# automatic
# ? := 
# variable set hash-table stats:
# Load=8/32=25%, Rehash=0, Collisions=2/16=12%
#  recipe to execute (from '/home/azure-user/km/make/actions.mk', line 79):
	$(MAKE) -C $@ MAKEFLAGS="$(MAKEFLAGS)" $(MAKECMDGOALS) MAKEOVERRIDES=

subdirs: libkontain mimalloc
#  Phony target (prerequisite of .PHONY).
#  Implicit rule search has not been done.
#  File does not exist.
#  File has not been updated.
# variable set hash-table stats:
# Load=0/32=0%, Rehash=0, Collisions=0/7=0%

# files hash-table stats:
# Load=45/1024=4%, Rehash=0, Collisions=1/107=1%
# VPATH Search Paths

# No 'vpath' search paths.

# No general ('VPATH' variable) search path.

# strcache buffers: 1 (0) / strings = 51 / storage = 792 B / avg = 15 B
# current buf: size = 8162 B / used = 792 B / count = 51 / avg = 15 B

# strcache performance: lookups = 144 / hit rate = 64%
# hash-table stats:
 
# Load=51/8192=1%, Rehash=0, Collisions=1/144=1%
# Finished Make data base on Wed May 11 23:22:11 2022

# make[1]: Leaving directory '/home/azure-user/km/lib'
 
# GNU Make 4.2.1
# Built for x86_64-pc-linux-gnu
# Copyright (C) 1988-2016 Free Software Foundation, Inc.
# License GPLv3+: GNU GPL version 3 or later <http://gnu.org/licenses/gpl.html>
# This is free software: you are free to change and redistribute it.
# There is NO WARRANTY, to the extent permitted by law.

# Make data base, printed on Wed May 11 23:22:11 2022

# Variables

# automatic
<D = $(patsubst %/,%,$(dir $<))
# makefile (from 'Makefile', line 59)
REPO_URL := https://@github.com/kontainapp/km.git
# automatic
?F = $(notdir $?)
# makefile (from '/home/azure-user/km/make/locations.mk', line 129)
DOCKER_BLDTOP := /home/appuser/km/build
# makefile (from '/home/azure-user/km/make/actions.mk', line 196)
_CMD := docker run --sysctl net.ipv4.ip_unprivileged_port_start=1024 --rm -u 1000:1000
# makefile (from '/home/azure-user/km/make/locations.mk', line 106)
DOCKER_RUN_CLEANUP = --rm
# makefile (from '/home/azure-user/km/make/locations.mk', line 165)
RELEASE_TAG = v0.1-test
# default
.SHELLFLAGS := -c
# environment
XDG_SESSION_CLASS = user
# environment
VSCODE_AGENT_FOLDER = /home/azure-user/.vscode-server
# makefile (from '/home/azure-user/km/make/locations.mk', line 137)
KM_OPT_BIN_PATH := /opt/kontain/bin
# environment
XDG_SESSION_TYPE = tty
# environment
VSCODE_LOG_NATIVE = false
# automatic
?D = $(patsubst %/,%,$(dir $?))
 
# makefile (from '/home/azure-user/km/cloud/azure/cloud_config.mk', line 50)
REGISTRY_SKU = Basic
# makefile (from '/home/azure-user/km/make/locations.mk', line 66)
KM_OPT_RT := /opt/kontain/runtime
# makefile (from '/home/azure-user/km/make/custom.mk', line 20)
COPTS = -O2 
# automatic
@D = $(patsubst %/,%,$(dir $@))
# makefile (from '/home/azure-user/km/make/locations.mk', line 111)
DOCKER_RUN := docker run --sysctl net.ipv4.ip_unprivileged_port_start=1024 --rm
# automatic
@F = $(notdir $@)
# default
MAKE_VERSION := 4.2.1
# makefile
CURDIR := /home/azure-user/km
# makefile (from '/home/azure-user/km/make/locations.mk', line 183)
SHELL = /bin/bash
# makefile (from '/home/azure-user/km/make/locations.mk', line 47)
SRC_VERSION := 078962128973812cfaae61c08441a21ecac40167
# environment
VSCODE_NLS_CONFIG = {"locale":"en","availableLanguages":{}}
# environment
_ = /home/azure-user/.vscode-server/bin/57fd6d0195bb9b9d1b49f6da5db789060795de47/node
# makefile (from '/home/azure-user/km/make/actions.mk', line 38)
CFLAGS = ${COPTS} ${LOCAL_COPTS} -Wall -ggdb3 -pthread $(addprefix -I , ${INCLUDES}) -ffile-prefix-map=${TOP}/=
# makefile (from '/home/azure-user/km/make/locations.mk', line 101)
CURRENT_GID := 1000
# makefile (from '/home/azure-user/km/make/locations.mk', line 142)
KM_OPT_VOLUME := -v /opt/kontain/bin:/opt/kontain/bin:z -v /opt/kontain/runtime:/opt/kontain/runtime:z -v /opt/kontain/lib:/opt/kontain/lib:z
# makefile (from '/home/azure-user/km/make/custom.mk', line 1)
MAKEFILE_LIST :=  Makefile /home/azure-user/km/make/actions.mk /home/azure-user/km/make/locations.mk /home/azure-user/km/cloud/azure/cloud_config.mk /home/azure-user/km/make/custom.mk
# 'override' directive
GNUMAKEFLAGS := 
# makefile (from 'Makefile', line 25)
TOP := /home/azure-user/km
# environment
XDG_DATA_DIRS = /usr/local/share:/usr/share:/var/lib/snapd/desktop
# environment
DBUS_SESSION_BUS_ADDRESS = unix:path=/run/user/1000/bus
# environment
VSCODE_VERBOSE_LOGGING = true
# makefile (from '/home/azure-user/km/make/locations.mk', line 36)
SRC_BRANCH = $(shell git rev-parse --abbrev-ref HEAD)
# makefile (from '/home/azure-user/km/cloud/azure/cloud_config.mk', line 22)
AZ_TENANT_ID = bb863950-cdcd-467a-8d4c-97f338d8e279
# makefile (from '/home/azure-user/km/make/locations.mk', line 117)
DOCKER_RUN_TEST := docker run --sysctl net.ipv4.ip_unprivileged_port_start=1024 --rm -it --device=/dev/kvm --init
# makefile (from '/home/azure-user/km/make/actions.mk', line 40)
OBJS = $(sort $(addprefix ${BLDDIR}/, $(addsuffix .o, $(basename ${SOURCES}))))
# makefile (from '/home/azure-user/km/make/locations.mk', line 100)
CURRENT_UID := 1000
# makefile (from '/home/azure-user/km/make/locations.mk', line 73)
COV_BLDTYPE := coverage
# environment
VSCODE_CWD = /home/azure-user
# makefile (from '/home/azure-user/km/make/locations.mk', line 127)
DOCKER_HOME_PATH := /home/appuser
# environment
SSH_CONNECTION = 70.123.45.33 61945 172.17.0.6 22
# makefile (from '/home/azure-user/km/make/locations.mk', line 44)
PATH := /home/azure-user/km/tools/bin:/home/azure-user/.vscode-server/bin/57fd6d0195bb9b9d1b49f6da5db789060795de47/bin/remote-cli:/usr/local/sbin:/usr/local/bin:/usr/sbin:/usr/bin:/sbin:/bin:/usr/games:/usr/local/games:/snap/bin
# makefile (from '/home/azure-user/km/make/custom.mk', line 21)
LDOPTS = 
# makefile (from '/home/azure-user/km/make/locations.mk', line 217)
VARS_TO_PRINT = DIMG TEST_IMG BUILDENV_PATH TESTENV_PATH BUILDENV_IMG BUILDENV_DOCKERFILE KM_BIN DTYPE TEST_IMG_REG BUILDENV_IMG_REG SRC_BRANCH SRC_SHA TOP FROMTOP BLDTOP BLDDIR SUBDIRS KM_BLDDIR KM_BIN CFLAGS BLDEXEC BLDLIB COPTS USER COVERAGE COVERAGE_REPORT SRC_BRANCH IMAGE_VERSION CLOUD_RESOURCE_GROUP CLOUD_SUBSCRIPTION CLOUD_LOCATION K8_SERVICE_PRINCIPAL REGISTRY_NAME REGISTRY REGISTRY_AUTH_EXAMPLE REGISTRY_SKU
# environment
XDG_RUNTIME_DIR = /run/user/1000
# makefile (from '/home/azure-user/km/cloud/azure/cloud_config.mk', line 29)
CLOUD_SUBSCRIPTION = Kontain-Pay-As-You-Go
# makefile (from '/home/azure-user/km/cloud/azure/cloud_config.mk', line 47)
REGISTRY_AUTH_EXAMPLE = "az acr login  -n ${REGISTRY_NAME}"
# environment
VSCODE_LOG_STACK = false
# makefile (from 'Makefile', line 58)
RELEASE_MESSAGE = Kontain KM Edge - date: $(shell date) sha: $(shell git rev-parse HEAD)
# environment
VSCODE_IPC_HOOK_CLI = /run/user/1000/vscode-ipc-09153796-7f01-4c51-a76e-b36a4ca34008.sock
# makefile (from '/home/azure-user/km/make/locations.mk', line 123)
PODMAN_RUN_TEST := podman run --rm -it --init
# makefile (from '/home/azure-user/km/make/locations.mk', line 116)
DOCKER_RUN_BUILD := docker run --sysctl net.ipv4.ip_unprivileged_port_start=1024 --rm -u 1000:1000
# default
.FEATURES := target-specific order-only second-expansion else-if shortest-stem undefine oneshell archives jobserver output-sync check-symlink load
# makefile (from '/home/azure-user/km/make/locations.mk', line 130)
DOCKER_COVERAGE_KM_BLDDIR := /home/appuser/km/build/km/coverage
# makefile (from '/home/azure-user/km/make/locations.mk', line 67)
KM_OPT_ALPINELIB := /opt/kontain/alpine-lib
# automatic
%F = $(notdir $%)
# makefile (from '/home/azure-user/km/make/locations.mk', line 74)
COVERAGE_KM_BLDDIR := /home/azure-user/km/build/km/coverage
# makefile (from '/home/azure-user/km/make/locations.mk', line 122)
PODMAN_RUN := podman run --rm
 
# makefile (from '/home/azure-user/km/make/locations.mk', line 55)
BLDDIR := /home/azure-user/km/build
# makefile (from '/home/azure-user/km/make/locations.mk', line 140)
KM_OPT_KM := /opt/kontain/bin/km
# makefile (from '/home/azure-user/km/make/locations.mk', line 51)
BLDTOP := /home/azure-user/km/build
# makefile (from '/home/azure-user/km/make/locations.mk', line 62)
KM_OPT := /opt/kontain
# environment
VSCODE_PIPE_LOGGING = true
# makefile (from '/home/azure-user/km/make/locations.mk', line 98)
DOCKER_BUILD := docker build --label "Vendor=Kontain.app" --label "Version=0.8" --label "Description= in Kontain" --label "KONTAIN:BRANCH=sm/vk8sartifactupdate" --label "KONTAIN:SHA=078962128973812cfaae61c08441a21ecac40167"
# environment
PWD = /home/azure-user/km
# default
.LOADED := 
# automatic
*D = $(patsubst %/,%,$(dir $*))
# makefile (from '/home/azure-user/km/make/locations.mk', line 60)
KM_BIN := /home/azure-user/km/build/km/km
# makefile (from '/home/azure-user/km/make/locations.mk', line 175)
GREEN := \033[32m
# environment
VSCODE_AMD_ENTRYPOINT = vs/workbench/api/node/extensionHostProcess
# environment
HOME = /home/azure-user
# makefile (from '/home/azure-user/km/make/locations.mk', line 171)
NO_DEPS_TARGETS := (clean|clobber|.*-image|.*-release|\.buildenv-local-.*|buildenv-local-.*|print-.*|debugvars|help|test-.*with.*|upload-coverage|vm-images)( (clean|clobber|.*-image|.*-release|\.buildenv-local-.*|buildenv-local-.*|print-.*|debugvars|help|test-.*with.*|upload-coverage|vm-images))*
# environment
SGX_AESM_ADDR = 1
# environment
LOGNAME = azure-user
# makefile (from '/home/azure-user/km/make/locations.mk', line 64)
KM_OPT_INC := /opt/kontain/include
# environment
APPLICATION_INSIGHTS_NO_DIAGNOSTIC_CHANNEL = true
# makefile (from '/home/azure-user/km/make/locations.mk', line 156)
CLOUD_SCRIPTS := /home/azure-user/km/cloud/azure
# makefile (from '/home/azure-user/km/cloud/azure/cloud_config.mk', line 38)
REGISTRY_NAME = kontainkubecr
# automatic
+F = $(notdir $+)
# makefile (from '/home/azure-user/km/make/locations.mk', line 104)
HYPERVISOR_DEVICE = /dev/kvm
# environment
VSCODE_HANDLES_UNCAUGHT_ERRORS = true
# automatic
^D = $(patsubst %/,%,$(dir $^))
# makefile (from '/home/azure-user/km/make/actions.mk', line 42)
BLDLIB = $(addprefix ${BLDDIR}/lib,$(addsuffix .a,${LIB}))
# environment
MAKELEVEL := 0
# default
MAKE = $(MAKE_COMMAND)
# default
MAKECMDGOALS := all
# environment
SHLVL = 1
# makefile (from '/home/azure-user/km/cloud/azure/cloud_config.mk', line 25)
CLOUD_RESOURCE_GROUP = kontainKubeRG
# environment
XDG_SESSION_ID = 626
# environment
USER = azure-user
# makefile
.DEFAULT_GOAL := default
# makefile (from '/home/azure-user/km/make/locations.mk', line 27)
FROMTOP := 
# makefile (from '/home/azure-user/km/cloud/azure/cloud_config.mk', line 32)
CLOUD_LOCATION = westus
# automatic
%D = $(patsubst %/,%,$(dir $%))
# makefile (from '/home/azure-user/km/make/locations.mk', line 42)
SRC_SHA = $(shell git rev-parse HEAD)
# default
MAKE_COMMAND := make
# makefile (from '/home/azure-user/km/make/locations.mk', line 65)
KM_OPT_LIB := /opt/kontain/lib
# default
.VARIABLES := 
# automatic
*F = $(notdir $*)
# makefile (from 'Makefile', line 71)
GITHOOK_DIR = .githooks
# makefile (from '/home/azure-user/km/make/locations.mk', line 145)
clean_container = @-docker rm --force ${1} 2>/dev/null
# makefile (from '/home/azure-user/km/make/locations.mk', line 174)
RED := \033[31m
# makefile (from '/home/azure-user/km/make/locations.mk', line 48)
BUILD_TIME := 2022-05-11T23:22+00:00
# makefile (from '/home/azure-user/km/make/locations.mk', line 110)
DOCKER_KRUN_RUNTIME = --runtime krun
# makefile
MAKEFLAGS = pqrR
# makefile (from '/home/azure-user/km/make/locations.mk', line 85)
DTYPE = fedora
# environment
MFLAGS = -pqrR
# environment
SSH_CLIENT = 70.123.45.33 61945 22
# makefile (from '/home/azure-user/km/make/locations.mk', line 61)
KM_RT := /home/azure-user/km/build/runtime
 
# automatic
+D = $(patsubst %/,%,$(dir $+))
# makefile (from '/home/azure-user/km/make/locations.mk', line 176)
YELLOW := \033[33m
# makefile (from '/home/azure-user/km/make/locations.mk', line 146)
clean_container_image = @-docker rmi -f ${1} 2>/dev/null
# makefile (from '/home/azure-user/km/make/locations.mk', line 177)
CYAN := \033[36m
# environment
BROWSER = /home/azure-user/.vscode-server/bin/57fd6d0195bb9b9d1b49f6da5db789060795de47/bin/helpers/browser.sh
# makefile (from '/home/azure-user/km/make/locations.mk', line 63)
KM_OPT_BIN := /opt/kontain/bin
# environment
VSCODE_HANDLES_SIGPIPE = true
# makefile (from '/home/azure-user/km/make/locations.mk', line 141)
KM_KM_VOLUME := -v /opt/kontain/bin/km:/opt/kontain/bin/km:z
# makefile (from '/home/azure-user/km/make/locations.mk', line 76)
KM_OPT_COVERAGE := /opt/kontain/coverage
# makefile (from '/home/azure-user/km/make/locations.mk', line 68)
KM_LDSO := /home/azure-user/km/build/runtime/libc.so
# 'override' directive
.SHELLSTATUS := 0
# default
MAKEFILES := 
# makefile (from '/home/azure-user/km/make/actions.mk', line 177)
COMPONENT := km
# automatic
<F = $(notdir $<)
# makefile (from '/home/azure-user/km/make/locations.mk', line 161)
IMAGE_VERSION = latest
# makefile (from '/home/azure-user/km/make/locations.mk', line 75)
COVERAGE_KM_BIN := /home/azure-user/km/build/km/coverage/km
# environment
LC_ALL = C
# makefile (from '/home/azure-user/km/make/locations.mk', line 162)
BUILDENV_IMAGE_VERSION = latest
# makefile (from '/home/azure-user/km/make/locations.mk', line 152)
CLOUD = azure
# makefile (from '/home/azure-user/km/make/locations.mk', line 121)
PODMAN_KRUN_RUNTIME = --runtime krun
# makefile (from '/home/azure-user/km/make/locations.mk', line 128)
DOCKER_KM_TOP := /home/appuser/km
# makefile (from '/home/azure-user/km/make/locations.mk', line 178)
NOCOLOR := \033[0m
# makefile (from '/home/azure-user/km/make/locations.mk', line 108)
DOCKER_INTERACTIVE = -it
# automatic
^F = $(notdir $^)
# makefile (from '/home/azure-user/km/make/locations.mk', line 91)
DOCKER_BUILD_LABEL := --label "Vendor=Kontain.app" --label "Version=0.8" --label "Description= in Kontain" --label "KONTAIN:BRANCH=sm/vk8sartifactupdate" --label "KONTAIN:SHA=078962128973812cfaae61c08441a21ecac40167"
# makefile (from '/home/azure-user/km/make/actions.mk', line 39)
DEPS = $(addprefix ${BLDDIR}/, $(addsuffix .d, $(basename ${SOURCES})))
# default
SUFFIXES := 
# makefile (from '/home/azure-user/km/make/locations.mk', line 70)
GETENFORCE := /usr/sbin/getenforce
# makefile (from '/home/azure-user/km/make/locations.mk', line 78)
KM_OPT_COVERAGE_BIN_KM := /opt/kontain/coverage/bin/km
# makefile (from '/home/azure-user/km/make/locations.mk', line 77)
KM_OPT_COVERAGE_BIN := /opt/kontain/coverage/bin
# makefile (from '/home/azure-user/km/make/actions.mk', line 41)
BLDEXEC = $(addprefix ${BLDDIR}/,${EXEC})
# makefile (from '/home/azure-user/km/make/actions.mk', line 43)
BLDSOLIB = $(addprefix ${BLDDIR}/lib,$(addsuffix .so,${SOLIB}))
# default
.INCLUDE_DIRS = /usr/include /usr/local/include /usr/include
# makefile (from '/home/azure-user/km/cloud/azure/cloud_config.mk', line 53)
OUT_TYPE = table
# default
.RECIPEPREFIX := 
# makefile (from '/home/azure-user/km/make/locations.mk', line 89)
BUILDENV_IMG = kontainapp/buildenv-${COMPONENT}-${DTYPE}
# default
MAKE_HOST := x86_64-pc-linux-gnu
# makefile (from '/home/azure-user/km/cloud/azure/cloud_config.mk', line 35)
K8_SERVICE_PRINCIPAL = http://kontainKubeSP
# makefile (from 'Makefile', line 30)
SUBDIRS := lib km km_cli runtime tests container-runtime tools/bin include
# environment
LANG = C
# makefile (from '/home/azure-user/km/cloud/azure/cloud_config.mk', line 44)
REGISTRY = ${REGISTRY_NAME}.azurecr.io
# environment
VSCODE_EXTHOST_WILL_SEND_SOCKET = true
# makefile (from '/home/azure-user/km/make/locations.mk', line 59)
KM_BLDDIR := /home/azure-user/km/build/km
# environment
MOTD_SHOWN = pam
# variable set hash-table stats:
# Load=156/1024=15%, Rehash=0, Collisions=26/332=8%
 

# Pattern-specific Variable Values

# No pattern-specific variable values.

# Directories

# . (device 2049, inode 258303): 30 files, no impossibilities.

# 30 files, no impossibilities in 1 directories.

# Implicit Rules

print-%:
#  recipe to execute (from '/home/azure-user/km/make/locations.mk', line 233):
	 @echo $*='$($*)'

# 1 implicit rules, 0 (0.0%) terminal.

# Files

publish-runenv-image: subdirs
#  Implicit rule search has not been done.
#  Modification time never checked.
#  File has not been updated.

runenv-image: subdirs
#  Implicit rule search has not been done.
#  Modification time never checked.
#  File has not been updated.

git-hooks-reset:
#  Implicit rule search has not been done.
#  Modification time never checked.
#  File has not been updated.
#  recipe to execute (from 'Makefile', line 75):
	git config core.hooksPath .git/hooks

clang-format:
#  Phony target (prerequisite of .PHONY).
#  Implicit rule search has not been done.
#  File does not exist.
#  File has not been updated.
#  recipe to execute (from 'Makefile', line 45):
	clang-format -i km/*.h km/*.c tests/*.h tests/*.c tests/*.cpp

edge-release:
#  Implicit rule search has not been done.
#  Modification time never checked.
#  File has not been updated.
#  recipe to execute (from 'Makefile', line 61):
	git config user.email "release@kontain.app"
	git config user.name "Kontain Release Pipeline Bot"
	@echo Delete the ${RELEASE_TAG} tag. Can fail if there is no such tag yet
	-git tag -d ${RELEASE_TAG} && git push --delete ${REPO_URL} ${RELEASE_TAG}
	@echo Now tag the source and push the tag to trigger the pipeline
	git tag -a ${RELEASE_TAG} --message "${RELEASE_MESSAGE}"
	git push ${REPO_URL} ${RELEASE_TAG}

.check_packer:
#  Implicit rule search has not been done.
#  Modification time never checked.
#  File has not been updated.
#  recipe to execute (from '/home/azure-user/km/make/locations.mk', line 193):
	@if ! command -v packer; then \
		echo -e "${RED}Packer (https://www.packer.io/) is not found. Please install it first${NOCOLOR}" ; \
		false; \
	fi
	@if [ "$$(basename $$(realpath $$(which packer)))" != "packer" ] ; then \
		echo -e "${RED}Packer is found as '$$(which packer)', but seems to be fake. Please check https://www.packer.io/ is installed and is in the PATH${NOCOLOR}" ; echo \
		false; \
	fi

pull-testenv-image: subdirs
#  Implicit rule search has not been done.
#  Modification time never checked.
#  File has not been updated.

pull-buildenv-image: subdirs
#  Implicit rule search has not been done.
#  Modification time never checked.
#  File has not been updated.

all: subdirs
#  Phony target (prerequisite of .PHONY).
#  Command line target.
#  Implicit rule search has not been done.
#  File does not exist.
#  File has not been updated.
# variable set hash-table stats:
# Load=0/32=0%, Rehash=0, Collisions=0/7=0%

km:
#  Phony target (prerequisite of .PHONY).
#  Implicit rule search has not been done.
#  File does not exist.
#  File has not been updated.
#  recipe to execute (from '/home/azure-user/km/make/actions.mk', line 79):
	$(MAKE) -C $@ MAKEFLAGS="$(MAKEFLAGS)" $(MAKECMDGOALS) MAKEOVERRIDES=

publish-buildenv-image: subdirs
#  Implicit rule search has not been done.
#  Modification time never checked.
#  File has not been updated.

.PHONY: debugvars subdirs lib km km_cli runtime tests container-runtime tools/bin include all clean test help withdocker clang-format clang-format-check
#  Implicit rule search has not been done.
#  Modification time never checked.
 
#  File has not been updated.

tools/bin:
#  Phony target (prerequisite of .PHONY).
#  Implicit rule search has not been done.
#  File does not exist.
#  File has not been updated.
#  recipe to execute (from '/home/azure-user/km/make/actions.mk', line 79):
	$(MAKE) -C $@ MAKEFLAGS="$(MAKEFLAGS)" $(MAKECMDGOALS) MAKEOVERRIDES=

clang-format-check:
#  Phony target (prerequisite of .PHONY).
#  Implicit rule search has not been done.
#  File does not exist.
#  File has not been updated.
#  recipe to execute (from 'Makefile', line 42):
	clang-format --dry-run -Werror km/*.h km/*.c tests/*.h tests/*.c tests/*.cpp

push-demo-runenv-image: subdirs
#  Implicit rule search has not been done.
#  Modification time never checked.
#  File has not been updated.

# Not a target:
/home/azure-user/km/make/custom.mk:
#  Implicit rule search has been done.
#  Last modified 2022-05-09 19:41:20.742101903
#  File has been updated.
#  Successfully updated.

tests: km runtime container-runtime lib
#  Phony target (prerequisite of .PHONY).
#  Implicit rule search has not been done.
#  File does not exist.
#  File has not been updated.
#  recipe to execute (from '/home/azure-user/km/make/actions.mk', line 79):
	$(MAKE) -C $@ MAKEFLAGS="$(MAKEFLAGS)" $(MAKECMDGOALS) MAKEOVERRIDES=

container-runtime:
#  Phony target (prerequisite of .PHONY).
#  Implicit rule search has not been done.
#  File does not exist.
#  File has not been updated.
#  recipe to execute (from '/home/azure-user/km/make/actions.mk', line 79):
	$(MAKE) -C $@ MAKEFLAGS="$(MAKEFLAGS)" $(MAKECMDGOALS) MAKEOVERRIDES=

test-coverage: subdirs
#  Implicit rule search has not been done.
#  Modification time never checked.
#  File has not been updated.

debugvars:
#  Phony target (prerequisite of .PHONY).
#  Implicit rule search has not been done.
#  File does not exist.
#  File has not been updated.
#  recipe to execute (from '/home/azure-user/km/make/locations.mk', line 229):
	@echo To change the list of printed vars, use 'VARS_TO_PRINT="..." make debugvars'
	@echo $(foreach v, ${VARS_TO_PRINT}, $(info $(v) = $($(v))))

# Not a target:
.SUFFIXES:
#  Implicit rule search has not been done.
#  Modification time never checked.
#  File has not been updated.

# Not a target:
Makefile:
#  Implicit rule search has been done.
#  Last modified 2022-05-09 19:41:20.730101893
#  File has been updated.
#  Successfully updated.

include:
#  Phony target (prerequisite of .PHONY).
#  Implicit rule search has not been done.
#  File does not exist.
#  File has not been updated.
#  recipe to execute (from '/home/azure-user/km/make/actions.mk', line 79):
	$(MAKE) -C $@ MAKEFLAGS="$(MAKEFLAGS)" $(MAKECMDGOALS) MAKEOVERRIDES=

publish-release: subdirs
#  Implicit rule search has not been done.
#  Modification time never checked.
#  File has not been updated.

# Not a target:
/home/azure-user/km/make/actions.mk:
#  Implicit rule search has been done.
#  Last modified 2022-05-09 19:41:20.742101903
#  File has been updated.
#  Successfully updated.

test-withdocker: subdirs
#  Implicit rule search has not been done.
#  Modification time never checked.
#  File has not been updated.

test: subdirs
 
#  Phony target (prerequisite of .PHONY).
#  Implicit rule search has not been done.
#  File does not exist.
#  File has not been updated.

demo-runenv-image: subdirs
#  Implicit rule search has not been done.
#  Modification time never checked.
#  File has not been updated.

push-runenv-image: subdirs
#  Implicit rule search has not been done.
#  Modification time never checked.
#  File has not been updated.

test-all: subdirs
#  Implicit rule search has not been done.
#  Modification time never checked.
#  File has not been updated.

buildenv-image: subdirs
#  Implicit rule search has not been done.
#  Modification time never checked.
#  File has not been updated.

test-all-withdocker: subdirs
#  Implicit rule search has not been done.
#  Modification time never checked.
#  File has not been updated.

validate-runenv-image: subdirs
#  Implicit rule search has not been done.
#  Modification time never checked.
#  File has not been updated.

help:
#  Phony target (prerequisite of .PHONY).
#  Implicit rule search has not been done.
#  File does not exist.
#  File has not been updated.
#  recipe to execute (from '/home/azure-user/km/make/locations.mk', line 209):
	@awk 'BEGIN {FS = ":.*##"; printf "\nUsage:\n make $(CYAN)<target>$(NOCOLOR)\n" } \
	/^[.a-zA-Z0-9_ -]+[ \t]*:.*?##/ { printf " $(CYAN)%-15s$(NOCOLOR) %s\n", $$1, $$2 } \
	/^##@/ { printf "\n\033[1m%s$(NOCOLOR)\n", substr($$0, 5) } ' \
	$(MAKEFILE_LIST)
	@echo 'For specific help in folders, try "(cd <dir>; make help)"'
	@echo ""

default: all
#  Implicit rule search has not been done.
#  Modification time never checked.
#  File has not been updated.

git-hooks-init:
#  Implicit rule search has not been done.
#  Modification time never checked.
#  File has not been updated.
#  recipe to execute (from 'Makefile', line 73):
	git config core.hooksPath $(GITHOOK_DIR)

withdocker:
#  Phony target (prerequisite of .PHONY).
#  Implicit rule search has not been done.
#  File does not exist.
#  File has not been updated.
#  recipe to execute (from '/home/azure-user/km/make/actions.mk', line 200):
	@if ! docker image ls --format "{{.Repository}}:{{.Tag}}" | grep -q ${BUILDENV_IMG} ; then \
		echo -e "$(CYAN)${BUILDENV_IMG} is missing locally, will try to pull from registry. \
		Use 'make buildenv-image' to build$(NOCOLOR)" ; fi
	${_CMD} \
		-v ${TOP}:${DOCKER_KM_TOP}:z \
		-v ${KM_OPT}:${KM_OPT}:z \
		-w ${DOCKER_KM_TOP}/${FROMTOP} \
		$(BUILDENV_IMG):$(BUILDENV_IMAGE_VERSION) \
		$(MAKE) MAKEFLAGS="$(MAKEFLAGS)" $(TARGET)

# Not a target:
/home/azure-user/km/make/locations.mk:
#  Implicit rule search has been done.
#  Last modified 2022-05-09 19:41:20.742101903
#  File has been updated.
#  Successfully updated.

# Not a target:
/home/azure-user/km/cloud/azure/cloud_config.mk:
#  Implicit rule search has been done.
#  Last modified 2022-05-09 19:41:20.730101893
#  File has been updated.
#  Successfully updated.

lib:
#  Phony target (prerequisite of .PHONY).
#  Implicit rule search has not been done.
#  Implicit/static pattern stem: ''
#  File does not exist.
#  File has been updated.
#  Needs to be updated (-q is set).
# automatic
# @ := lib
# automatic
# % := 
# automatic
# * := 
# automatic
# + := 
# automatic
# | := 
 
# automatic
# < := 
# automatic
# ^ := 
# automatic
# ? := 
# variable set hash-table stats:
# Load=8/32=25%, Rehash=0, Collisions=2/16=12%
#  recipe to execute (from '/home/azure-user/km/make/actions.mk', line 79):
	$(MAKE) -C $@ MAKEFLAGS="$(MAKEFLAGS)" $(MAKECMDGOALS) MAKEOVERRIDES=

kkm-pkg:
#  Implicit rule search has not been done.
#  Modification time never checked.
#  File has not been updated.
#  recipe to execute (from 'Makefile', line 53):
	@if ! type makeself >& /dev/null ; then echo Please install \"makeself\" first; false; fi
	@# We only need source code, so running 'clean' first
	-$(MAKE) MAKEFLAGS="$(MAKEFLAGS)" -C ${TOP}/kkm/kkm clean >& /dev/null
	makeself -q kkm ${BLDTOP}/kkm.run "beta-release" ./installer/build-script.sh

pull-demo-runenv-image: subdirs
#  Implicit rule search has not been done.
#  Modification time never checked.
#  File has not been updated.

covclean: subdirs
#  Implicit rule search has not been done.
#  Modification time never checked.
#  File has not been updated.

release: subdirs
#  Implicit rule search has not been done.
#  Modification time never checked.
#  File has not been updated.

# Not a target:
.DEFAULT:
#  Implicit rule search has not been done.
#  Modification time never checked.
#  File has not been updated.

buildenv-local-fedora: subdirs
#  Implicit rule search has not been done.
#  Modification time never checked.
#  File has not been updated.

compile-commands:
#  Implicit rule search has not been done.
#  Modification time never checked.
#  File has not been updated.
#  recipe to execute (from 'Makefile', line 78):
	make clean
	bear make -j
	sed -i 's-${CURDIR}-$${workspaceFolder}-' compile_commands.json

clean: subdirs
#  Phony target (prerequisite of .PHONY).
#  Implicit rule search has not been done.
#  File does not exist.
#  File has not been updated.
#  recipe to execute (from 'Makefile', line 84):
	rm -f ${BLDTOP}/kkm.run

coverage: subdirs
#  Implicit rule search has not been done.
#  Modification time never checked.
#  File has not been updated.

pull-runenv-image: subdirs
#  Implicit rule search has not been done.
#  Modification time never checked.
#  File has not been updated.

.check_image_version:
#  Implicit rule search has not been done.
#  Modification time never checked.
#  File has not been updated.
#  recipe to execute (from '/home/azure-user/km/make/locations.mk', line 187):
	@if [[ -z "${IMAGE_VERSION}" || "${IMAGE_VERSION}" == "latest" ]] ; then \
		echo -e "${RED}IMAGE_VERSION should be set to a unique value. e.g. ci-695.${NOCOLOR}" ; \
		false; \
	fi

push-testenv-image: subdirs
#  Implicit rule search has not been done.
#  Modification time never checked.
#  File has not been updated.

push-buildenv-image: subdirs
#  Implicit rule search has not been done.
#  Modification time never checked.
#  File has not been updated.

runtime:
#  Phony target (prerequisite of .PHONY).
#  Implicit rule search has not been done.
#  File does not exist.
#  File has not been updated.
#  recipe to execute (from '/home/azure-user/km/make/actions.mk', line 79):
	$(MAKE) -C $@ MAKEFLAGS="$(MAKEFLAGS)" $(MAKECMDGOALS) MAKEOVERRIDES=

km_cli:
#  Phony target (prerequisite of .PHONY).
#  Implicit rule search has not been done.
#  File does not exist.
#  File has not been updated.
#  recipe to execute (from '/home/azure-user/km/make/actions.mk', line 79):
	$(MAKE) -C $@ MAKEFLAGS="$(MAKEFLAGS)" $(MAKECMDGOALS) MAKEOVERRIDES=

 
testenv-image: subdirs
#  Implicit rule search has not been done.
#  Modification time never checked.
#  File has not been updated.

/home/azure-user/km/build:
#  Implicit rule search has not been done.
#  Modification time never checked.
#  File has not been updated.
#  recipe to execute (from '/home/azure-user/km/make/actions.mk', line 174):
	mkdir -p $@

subdirs: lib km km_cli runtime tests container-runtime tools/bin include
#  Phony target (prerequisite of .PHONY).
#  Implicit rule search has not been done.
#  File does not exist.
#  File has not been updated.
# variable set hash-table stats:
# Load=0/32=0%, Rehash=0, Collisions=0/7=0%

# files hash-table stats:
# Load=58/1024=6%, Rehash=0, Collisions=1/149=1%
# VPATH Search Paths

# No 'vpath' search paths.

# No general ('VPATH' variable) search path.

# strcache buffers: 1 (0) / strings = 83 / storage = 1124 B / avg = 13 B
# current buf: size = 8162 B / used = 1124 B / count = 83 / avg = 13 B

# strcache performance: lookups = 218 / hit rate = 61%
# hash-table stats:
# Load=83/8192=1%, Rehash=0, Collisions=3/218=1%
# Finished Make data base on Wed May 11 23:22:11 2022

 
